<?xml version="1.0" encoding="UTF-8"?>
<!-- Generated by org.testng.reporters.JUnitXMLReporter -->
<testsuite ignored="0" hostname="DESKTOP-CN2NJUF" failures="0" tests="13" name="Default test" time="7.133" errors="0" timestamp="2023-08-18T16:08:35 CDT">
  <testcase classname="api.test.ProgramTests" name="testPostProgram" time="1.927"/>
  <testcase classname="api.test.ProgramTests" name="PostProgram400" time="0.59"/>
  <testcase classname="api.test.ProgramTests" name="PostProgram500" time="0.397"/>
  <testcase classname="api.test.ProgramTests" name="getoneprogramID" time="0.358"/>
  <testcase classname="api.test.ProgramTests" name="getinvalidprogramID" time="0.319"/>
  <testcase classname="api.test.ProgramTests" name="PUTProgram" time="0.382"/>
  <testcase classname="api.test.ProgramTests" name="PUTinvalidProgramname" time="0.321"/>
  <testcase classname="api.test.ProgramTests" name="PUTProgram400" time="0.343"/>
  <testcase classname="api.test.ProgramTests" name="PUTProgramID" time="0.474"/>
  <testcase classname="api.test.ProgramTests" name="updatebyinvalidprogramID" time="0.342"/>
  <testcase classname="api.test.ProgramTests" name="PUTProgrambyID400" time="0.542"/>
  <testcase classname="api.test.ProgramTests" name="DELETEProgrambyID" time="0.549"/>
  <testcase classname="api.test.ProgramTests" name="DELETEProgrambyI404" time="0.528"/>
</testsuite> <!-- Default test -->
