<?xml version="1.0" encoding="UTF-8"?>
<!-- Generated by org.testng.reporters.JUnitXMLReporter -->
<testsuite ignored="0" hostname="DESKTOP-CN2NJUF" failures="1" tests="2" name="Test" time="2.7" errors="0" timestamp="2023-08-17T12:35:02 CDT">
  <testcase classname="api.test.ProgramTests" name="setupdata" time="2.627"/>
  <testcase classname="api.test.ProgramTests" name="testcreateprogram" time="0.016">
    <failure type="java.lang.AssertionError" message="expected [201] but found [400]">
      <![CDATA[java.lang.AssertionError: expected [201] but found [400]
at api.test.ProgramTests.testcreateprogram(ProgramTests.java:41)
at java.base/java.util.ArrayList.forEach(ArrayList.java:1511)
... Removed 34 stack frames]]>
    </failure>
  </testcase> <!-- testcreateprogram -->
</testsuite> <!-- Test -->
