<?xml version="1.0" encoding="UTF-8"?>
<testng-results ignored="0" total="13" passed="13" failed="0" skipped="0">
  <reporter-output>
  </reporter-output>
  <suite started-at="2023-08-18T16:08:28 CDT" name="Default suite" finished-at="2023-08-18T16:08:35 CDT" duration-ms="7133">
    <groups>
    </groups>
    <test started-at="2023-08-18T16:08:28 CDT" name="Default test" finished-at="2023-08-18T16:08:35 CDT" duration-ms="7133">
      <class name="api.test.ProgramTests">
        <test-method is-config="true" signature="setupData()[pri:0, instance:api.test.ProgramTests@2ddc9a9f]" started-at="2023-08-18T16:08:28 CDT" name="setupData" finished-at="2023-08-18T16:08:28 CDT" duration-ms="8" status="PASS">
          <reporter-output>
          </reporter-output>
        </test-method> <!-- setupData -->
        <test-method signature="testPostProgram()[pri:1, instance:api.test.ProgramTests@2ddc9a9f]" started-at="2023-08-18T16:08:28 CDT" name="testPostProgram" finished-at="2023-08-18T16:08:29 CDT" duration-ms="1927" status="PASS">
          <reporter-output>
          </reporter-output>
        </test-method> <!-- testPostProgram -->
        <test-method signature="PostProgram400()[pri:2, instance:api.test.ProgramTests@2ddc9a9f]" started-at="2023-08-18T16:08:29 CDT" name="PostProgram400" finished-at="2023-08-18T16:08:30 CDT" duration-ms="590" status="PASS">
          <reporter-output>
          </reporter-output>
        </test-method> <!-- PostProgram400 -->
        <test-method signature="PostProgram500()[pri:3, instance:api.test.ProgramTests@2ddc9a9f]" started-at="2023-08-18T16:08:30 CDT" name="PostProgram500" finished-at="2023-08-18T16:08:30 CDT" duration-ms="397" status="PASS">
          <reporter-output>
          </reporter-output>
        </test-method> <!-- PostProgram500 -->
        <test-method signature="getoneprogramID()[pri:3, instance:api.test.ProgramTests@2ddc9a9f]" started-at="2023-08-18T16:08:30 CDT" name="getoneprogramID" finished-at="2023-08-18T16:08:31 CDT" duration-ms="358" status="PASS">
          <reporter-output>
          </reporter-output>
        </test-method> <!-- getoneprogramID -->
        <test-method signature="getinvalidprogramID()[pri:4, instance:api.test.ProgramTests@2ddc9a9f]" started-at="2023-08-18T16:08:31 CDT" name="getinvalidprogramID" finished-at="2023-08-18T16:08:31 CDT" duration-ms="319" status="PASS">
          <reporter-output>
          </reporter-output>
        </test-method> <!-- getinvalidprogramID -->
        <test-method signature="PUTProgram()[pri:5, instance:api.test.ProgramTests@2ddc9a9f]" started-at="2023-08-18T16:08:31 CDT" name="PUTProgram" finished-at="2023-08-18T16:08:32 CDT" duration-ms="382" status="PASS">
          <reporter-output>
          </reporter-output>
        </test-method> <!-- PUTProgram -->
        <test-method signature="PUTinvalidProgramname()[pri:6, instance:api.test.ProgramTests@2ddc9a9f]" started-at="2023-08-18T16:08:32 CDT" name="PUTinvalidProgramname" finished-at="2023-08-18T16:08:32 CDT" duration-ms="321" status="PASS">
          <reporter-output>
          </reporter-output>
        </test-method> <!-- PUTinvalidProgramname -->
        <test-method signature="PUTProgram400()[pri:7, instance:api.test.ProgramTests@2ddc9a9f]" started-at="2023-08-18T16:08:32 CDT" name="PUTProgram400" finished-at="2023-08-18T16:08:32 CDT" duration-ms="343" status="PASS">
          <reporter-output>
          </reporter-output>
        </test-method> <!-- PUTProgram400 -->
        <test-method signature="PUTProgramID()[pri:8, instance:api.test.ProgramTests@2ddc9a9f]" started-at="2023-08-18T16:08:32 CDT" name="PUTProgramID" finished-at="2023-08-18T16:08:33 CDT" duration-ms="474" status="PASS">
          <reporter-output>
          </reporter-output>
        </test-method> <!-- PUTProgramID -->
        <test-method signature="updatebyinvalidprogramID()[pri:8, instance:api.test.ProgramTests@2ddc9a9f]" started-at="2023-08-18T16:08:33 CDT" name="updatebyinvalidprogramID" finished-at="2023-08-18T16:08:33 CDT" duration-ms="342" status="PASS">
          <reporter-output>
          </reporter-output>
        </test-method> <!-- updatebyinvalidprogramID -->
        <test-method signature="PUTProgrambyID400()[pri:9, instance:api.test.ProgramTests@2ddc9a9f]" started-at="2023-08-18T16:08:33 CDT" name="PUTProgrambyID400" finished-at="2023-08-18T16:08:34 CDT" duration-ms="542" status="PASS">
          <reporter-output>
          </reporter-output>
        </test-method> <!-- PUTProgrambyID400 -->
        <test-method signature="DELETEProgrambyID()[pri:10, instance:api.test.ProgramTests@2ddc9a9f]" started-at="2023-08-18T16:08:34 CDT" name="DELETEProgrambyID" finished-at="2023-08-18T16:08:34 CDT" duration-ms="549" status="PASS">
          <reporter-output>
          </reporter-output>
        </test-method> <!-- DELETEProgrambyID -->
        <test-method signature="DELETEProgrambyI404()[pri:11, instance:api.test.ProgramTests@2ddc9a9f]" started-at="2023-08-18T16:08:34 CDT" name="DELETEProgrambyI404" finished-at="2023-08-18T16:08:35 CDT" duration-ms="528" status="PASS">
          <reporter-output>
          </reporter-output>
        </test-method> <!-- DELETEProgrambyI404 -->
      </class> <!-- api.test.ProgramTests -->
    </test> <!-- Default test -->
  </suite> <!-- Default suite -->
</testng-results>
